Mplus VERSION 8
MUTHEN & MUTHEN
08/10/2021   1:46 AM

INPUT INSTRUCTIONS

  TITLE:
     [This syntax is autogenerated by lavExport]
  DATA:
    file is sem.mplus.raw;
    type is individual;
    listwise = on;
  VARIABLE:
    names are
       x1 x2 x3 x4 x5 x6
       x7 x8 x9;
    missing are all (-999999);
  ANALYSIS:
    type = general;
    estimator = ML;
    information = expected;
    model = nomeanstructure;
  MODEL:
    ! this model syntax is autogenerated by lavExport
    visual BY x1* (p1);
    visual BY x2* (p2);
    visual BY x3* (p3);
    textual BY x4* (p4);
    textual BY x5* (p5);
    textual BY x6* (p6);
    speed BY x7* (p7);
    speed BY x8* (p8);
    speed BY x9* (p9);
    x1* (p10);
    x2* (p11);
    x3* (p12);
    x4* (p13);
    x5* (p14);
    x6* (p15);
    x7* (p16);
    x8* (p17);
    x9* (p18);
    visual@1 (p19);
    textual@1 (p20);
    speed@1 (p21);
    visual WITH textual* (p22);
    visual WITH speed* (p23);
    textual WITH speed* (p24);
  OUTPUT:
    sampstat standardized tech1;



INPUT READING TERMINATED NORMALLY




[This syntax is autogenerated by lavExport]

SUMMARY OF ANALYSIS

Number of groups                                                 1
Number of observations                                         145

Number of dependent variables                                    9
Number of independent variables                                  0
Number of continuous latent variables                            3

Observed dependent variables

  Continuous
   X1          X2          X3          X4          X5          X6
   X7          X8          X9

Continuous latent variables
   VISUAL      TEXTUAL     SPEED


Estimator                                                       ML
Information matrix                                        EXPECTED
Maximum number of iterations                                  1000
Convergence criterion                                    0.500D-04
Maximum number of steepest descent iterations                   20

Input data file(s)
  sem.mplus.raw

Input data format  FREE


SAMPLE STATISTICS


     SAMPLE STATISTICS


           Means
              X1            X2            X3            X4            X5
              ________      ________      ________      ________      ________
                4.930         6.200         1.996         3.317         4.712


           Means
              X6            X7            X8            X9
              ________      ________      ________      ________
                2.469         3.921         5.488         5.327


           Covariances
              X1            X2            X3            X4            X5
              ________      ________      ________      ________      ________
 X1             1.319
 X2             0.414         1.226
 X3             0.534         0.478         1.073
 X4             0.440         0.283         0.381         1.257
 X5             0.411         0.205         0.344         0.933         1.342
 X6             0.412         0.244         0.407         0.906         0.898
 X7             0.123         0.076         0.080         0.241         0.303
 X8             0.370         0.195         0.259         0.122         0.240
 X9             0.573         0.281         0.396         0.361         0.422


           Covariances
              X6            X7            X8            X9
              ________      ________      ________      ________
 X6             1.280
 X7             0.208         1.062
 X8             0.143         0.633         1.094
 X9             0.315         0.442         0.567         1.051


           Correlations
              X1            X2            X3            X4            X5
              ________      ________      ________      ________      ________
 X1             1.000
 X2             0.326         1.000
 X3             0.449         0.417         1.000
 X4             0.342         0.228         0.328         1.000
 X5             0.309         0.159         0.287         0.719         1.000
 X6             0.317         0.195         0.347         0.714         0.685
 X7             0.104         0.066         0.075         0.209         0.254
 X8             0.308         0.168         0.239         0.104         0.198
 X9             0.487         0.248         0.373         0.314         0.356


           Correlations
              X6            X7            X8            X9
              ________      ________      ________      ________
 X6             1.000
 X7             0.179         1.000
 X8             0.121         0.587         1.000
 X9             0.272         0.418         0.528         1.000


UNIVARIATE SAMPLE STATISTICS


     UNIVARIATE HIGHER-ORDER MOMENT DESCRIPTIVE STATISTICS

         Variable/         Mean/     Skewness/   Minimum/ % with                Percentiles
        Sample Size      Variance    Kurtosis    Maximum  Min/Max      20%/60%    40%/80%    Median

     X1                    4.930      -0.118       1.833    0.69%       4.000      4.667      5.000
             145.000       1.319      -0.085       8.500    0.69%       5.167      6.000
     X2                    6.200       0.237       2.250    0.69%       5.250      5.750      6.250
             145.000       1.226       0.801       9.250    1.38%       6.250      7.000
     X3                    1.996       0.617       0.375    1.38%       1.000      1.625      1.875
             145.000       1.073      -0.480       4.500    0.69%       2.000      3.000
     X4                    3.317       0.401       0.333    0.69%       2.333      3.000      3.000
             145.000       1.257       0.203       6.333    0.69%       3.333      4.333
     X5                    4.712      -0.544       1.000    0.69%       4.000      4.500      4.750
             145.000       1.342       0.172       7.000    0.69%       5.000      5.750
     X6                    2.469       0.721       0.286    0.69%       1.571      2.000      2.286
             145.000       1.280       0.184       5.857    0.69%       2.571      3.286
     X7                    3.921       0.161       1.304    0.69%       2.957      3.565      3.870
             145.000       1.062      -0.385       6.478    0.69%       4.130      4.783
     X8                    5.488       0.691       3.050    0.69%       4.650      5.250      5.500
             145.000       1.094       2.164      10.000    0.69%       5.700      6.250
     X9                    5.327       0.198       3.111    0.69%       4.417      5.056      5.306
             145.000       1.051       0.457       9.250    0.69%       5.583      6.222


THE MODEL ESTIMATION TERMINATED NORMALLY



MODEL FIT INFORMATION

Number of Free Parameters                       21

Loglikelihood

          H0 Value                       -1734.889
          H1 Value                       -1709.118

Information Criteria

          Akaike (AIC)                    3511.778
          Bayesian (BIC)                  3574.289
          Sample-Size Adjusted BIC        3507.838
            (n* = (n + 2) / 24)

Chi-Square Test of Model Fit

          Value                             51.542
          Degrees of Freedom                    24
          P-Value                           0.0009

RMSEA (Root Mean Square Error Of Approximation)

          Estimate                           0.089
          90 Percent C.I.                    0.055  0.122
          Probability RMSEA <= .05           0.031

CFI/TLI

          CFI                                0.941
          TLI                                0.912

Chi-Square Test of Model Fit for the Baseline Model

          Value                            505.767
          Degrees of Freedom                    36
          P-Value                           0.0000

SRMR (Standardized Root Mean Square Residual)

          Value                              0.072



MODEL RESULTS

                                                    Two-Tailed
                    Estimate       S.E.  Est./S.E.    P-Value

 VISUAL   BY
    X1                 0.777      0.103      7.525      0.000
    X2                 0.572      0.101      5.642      0.000
    X3                 0.719      0.093      7.711      0.000

 TEXTUAL  BY
    X4                 0.971      0.079     12.354      0.000
    X5                 0.961      0.083     11.630      0.000
    X6                 0.935      0.081     11.572      0.000

 SPEED    BY
    X7                 0.679      0.087      7.819      0.000
    X8                 0.833      0.087      9.568      0.000
    X9                 0.719      0.086      8.357      0.000

 VISUAL   WITH
    TEXTUAL            0.541      0.085      6.355      0.000
    SPEED              0.523      0.094      5.562      0.000

 TEXTUAL  WITH
    SPEED              0.336      0.091      3.674      0.000

 Variances
    VISUAL             1.000      0.000    999.000    999.000
    TEXTUAL            1.000      0.000    999.000    999.000
    SPEED              1.000      0.000    999.000    999.000

 Residual Variances
    X1                 0.715      0.126      5.675      0.000
    X2                 0.899      0.123      7.339      0.000
    X3                 0.557      0.103      5.409      0.000
    X4                 0.315      0.065      4.870      0.000
    X5                 0.419      0.072      5.812      0.000
    X6                 0.406      0.069      5.880      0.000
    X7                 0.601      0.091      6.584      0.000
    X8                 0.401      0.094      4.248      0.000
    X9                 0.535      0.089      6.010      0.000


STANDARDIZED MODEL RESULTS


STDYX Standardization

                                                    Two-Tailed
                    Estimate       S.E.  Est./S.E.    P-Value

 VISUAL   BY
    X1                 0.677      0.069      9.771      0.000
    X2                 0.517      0.078      6.606      0.000
    X3                 0.694      0.069     10.105      0.000

 TEXTUAL  BY
    X4                 0.866      0.032     26.981      0.000
    X5                 0.829      0.035     23.624      0.000
    X6                 0.826      0.035     23.360      0.000

 SPEED    BY
    X7                 0.659      0.063     10.536      0.000
    X8                 0.796      0.056     14.217      0.000
    X9                 0.701      0.060     11.655      0.000

 VISUAL   WITH
    TEXTUAL            0.541      0.085      6.355      0.000
    SPEED              0.523      0.094      5.562      0.000

 TEXTUAL  WITH
    SPEED              0.336      0.091      3.674      0.000

 Variances
    VISUAL             1.000      0.000    999.000    999.000
    TEXTUAL            1.000      0.000    999.000    999.000
    SPEED              1.000      0.000    999.000    999.000

 Residual Variances
    X1                 0.542      0.094      5.785      0.000
    X2                 0.733      0.081      9.078      0.000
    X3                 0.519      0.095      5.451      0.000
    X4                 0.251      0.056      4.516      0.000
    X5                 0.312      0.058      5.362      0.000
    X6                 0.317      0.058      5.426      0.000
    X7                 0.566      0.082      6.858      0.000
    X8                 0.367      0.089      4.114      0.000
    X9                 0.509      0.084      6.037      0.000


STDY Standardization

                                                    Two-Tailed
                    Estimate       S.E.  Est./S.E.    P-Value

 VISUAL   BY
    X1                 0.677      0.069      9.771      0.000
    X2                 0.517      0.078      6.606      0.000
    X3                 0.694      0.069     10.105      0.000

 TEXTUAL  BY
    X4                 0.866      0.032     26.981      0.000
    X5                 0.829      0.035     23.624      0.000
    X6                 0.826      0.035     23.360      0.000

 SPEED    BY
    X7                 0.659      0.063     10.536      0.000
    X8                 0.796      0.056     14.217      0.000
    X9                 0.701      0.060     11.655      0.000

 VISUAL   WITH
    TEXTUAL            0.541      0.085      6.355      0.000
    SPEED              0.523      0.094      5.562      0.000

 TEXTUAL  WITH
    SPEED              0.336      0.091      3.674      0.000

 Variances
    VISUAL             1.000      0.000    999.000    999.000
    TEXTUAL            1.000      0.000    999.000    999.000
    SPEED              1.000      0.000    999.000    999.000

 Residual Variances
    X1                 0.542      0.094      5.785      0.000
    X2                 0.733      0.081      9.078      0.000
    X3                 0.519      0.095      5.451      0.000
    X4                 0.251      0.056      4.516      0.000
    X5                 0.312      0.058      5.362      0.000
    X6                 0.317      0.058      5.426      0.000
    X7                 0.566      0.082      6.858      0.000
    X8                 0.367      0.089      4.114      0.000
    X9                 0.509      0.084      6.037      0.000


STD Standardization

                                                    Two-Tailed
                    Estimate       S.E.  Est./S.E.    P-Value

 VISUAL   BY
    X1                 0.777      0.103      7.525      0.000
    X2                 0.572      0.101      5.642      0.000
    X3                 0.719      0.093      7.711      0.000

 TEXTUAL  BY
    X4                 0.971      0.079     12.354      0.000
    X5                 0.961      0.083     11.630      0.000
    X6                 0.935      0.081     11.572      0.000

 SPEED    BY
    X7                 0.679      0.087      7.819      0.000
    X8                 0.833      0.087      9.568      0.000
    X9                 0.719      0.086      8.357      0.000

 VISUAL   WITH
    TEXTUAL            0.541      0.085      6.355      0.000
    SPEED              0.523      0.094      5.562      0.000

 TEXTUAL  WITH
    SPEED              0.336      0.091      3.674      0.000

 Variances
    VISUAL             1.000      0.000    999.000    999.000
    TEXTUAL            1.000      0.000    999.000    999.000
    SPEED              1.000      0.000    999.000    999.000

 Residual Variances
    X1                 0.715      0.126      5.675      0.000
    X2                 0.899      0.123      7.339      0.000
    X3                 0.557      0.103      5.409      0.000
    X4                 0.315      0.065      4.870      0.000
    X5                 0.419      0.072      5.812      0.000
    X6                 0.406      0.069      5.880      0.000
    X7                 0.601      0.091      6.584      0.000
    X8                 0.401      0.094      4.248      0.000
    X9                 0.535      0.089      6.010      0.000


R-SQUARE

    Observed                                        Two-Tailed
    Variable        Estimate       S.E.  Est./S.E.    P-Value

    X1                 0.458      0.094      4.886      0.000
    X2                 0.267      0.081      3.303      0.001
    X3                 0.481      0.095      5.053      0.000
    X4                 0.749      0.056     13.490      0.000
    X5                 0.688      0.058     11.812      0.000
    X6                 0.683      0.058     11.680      0.000
    X7                 0.434      0.082      5.268      0.000
    X8                 0.633      0.089      7.109      0.000
    X9                 0.491      0.084      5.827      0.000


QUALITY OF NUMERICAL RESULTS

     Condition Number for the Information Matrix              0.101E+00
       (ratio of smallest to largest eigenvalue)


TECHNICAL 1 OUTPUT


     PARAMETER SPECIFICATION


           LAMBDA
              VISUAL        TEXTUAL       SPEED
              ________      ________      ________
 X1                 1             0             0
 X2                 2             0             0
 X3                 3             0             0
 X4                 0             4             0
 X5                 0             5             0
 X6                 0             6             0
 X7                 0             0             7
 X8                 0             0             8
 X9                 0             0             9


           THETA
              X1            X2            X3            X4            X5
              ________      ________      ________      ________      ________
 X1                10
 X2                 0            11
 X3                 0             0            12
 X4                 0             0             0            13
 X5                 0             0             0             0            14
 X6                 0             0             0             0             0
 X7                 0             0             0             0             0
 X8                 0             0             0             0             0
 X9                 0             0             0             0             0


           THETA
              X6            X7            X8            X9
              ________      ________      ________      ________
 X6                15
 X7                 0            16
 X8                 0             0            17
 X9                 0             0             0            18


           BETA
              VISUAL        TEXTUAL       SPEED
              ________      ________      ________
 VISUAL             0             0             0
 TEXTUAL            0             0             0
 SPEED              0             0             0


           PSI
              VISUAL        TEXTUAL       SPEED
              ________      ________      ________
 VISUAL             0
 TEXTUAL           19             0
 SPEED             20            21             0


     STARTING VALUES


           LAMBDA
              VISUAL        TEXTUAL       SPEED
              ________      ________      ________
 X1             1.000         0.000         0.000
 X2             1.000         0.000         0.000
 X3             1.000         0.000         0.000
 X4             0.000         1.000         0.000
 X5             0.000         1.000         0.000
 X6             0.000         1.000         0.000
 X7             0.000         0.000         1.000
 X8             0.000         0.000         1.000
 X9             0.000         0.000         1.000


           THETA
              X1            X2            X3            X4            X5
              ________      ________      ________      ________      ________
 X1             0.659
 X2             0.000         0.613
 X3             0.000         0.000         0.537
 X4             0.000         0.000         0.000         0.629
 X5             0.000         0.000         0.000         0.000         0.671
 X6             0.000         0.000         0.000         0.000         0.000
 X7             0.000         0.000         0.000         0.000         0.000
 X8             0.000         0.000         0.000         0.000         0.000
 X9             0.000         0.000         0.000         0.000         0.000


           THETA
              X6            X7            X8            X9
              ________      ________      ________      ________
 X6             0.640
 X7             0.000         0.531
 X8             0.000         0.000         0.547
 X9             0.000         0.000         0.000         0.526


           BETA
              VISUAL        TEXTUAL       SPEED
              ________      ________      ________
 VISUAL         0.000         0.000         0.000
 TEXTUAL        0.000         0.000         0.000
 SPEED          0.000         0.000         0.000


           PSI
              VISUAL        TEXTUAL       SPEED
              ________      ________      ________
 VISUAL         1.000
 TEXTUAL        0.000         1.000
 SPEED          0.000         0.000         1.000


DIAGRAM INFORMATION

  Use View Diagram under the Diagram menu in the Mplus Editor to view the diagram.
  If running Mplus from the Mplus Diagrammer, the diagram opens automatically.

  Diagram output
    d:\usuarios\jose\documents\fmusp\estatisticamedicar\r\lavexport\sem.mplus.dgm

     Beginning Time:  01:46:42
        Ending Time:  01:46:42
       Elapsed Time:  00:00:00



MUTHEN & MUTHEN
3463 Stoner Ave.
Los Angeles, CA  90066

Tel: (310) 391-9971
Fax: (310) 391-8971
Web: www.StatModel.com
Support: Support@StatModel.com

Copyright (c) 1998-2017 Muthen & Muthen
